app/build/intermediates/manifest_merge_blame_file/debug/processDebugMainManifest/manifest-merger-blame-debug-report.txt
1<?xml version="1.0" encoding="utf-8"?>
2<manifest xmlns:android="http://schemas.android.com/apk/res/android"
3    package="com.homehelp.pro"
4    android:versionCode="6"
5    android:versionName="1.5" >
6
7    <uses-sdk
8        android:minSdkVersion="24"
9        android:targetSdkVersion="34" />
10
11    <uses-permission android:name="android.permission.ACCESS_FINE_LOCATION" />
11-->src\main\AndroidManifest.xml:4:5-79
11-->src\main\AndroidManifest.xml:4:22-76
12    <uses-permission android:name="android.permission.ACCESS_COARSE_LOCATION" />
12-->src\main\AndroidManifest.xml:5:5-81
12-->src\main\AndroidManifest.xml:5:22-78
13    <uses-permission android:name="android.permission.INTERNET" />
13-->src\main\AndroidManifest.xml:6:5-67
13-->src\main\AndroidManifest.xml:6:22-64
14
15    <queries>
15-->src\main\AndroidManifest.xml:8:5-22:15
16        <package android:name="com.google.android.apps.maps" />
16-->src\main\AndroidManifest.xml:9:9-64
16-->src\main\AndroidManifest.xml:9:18-61
17
18        <intent>
18-->src\main\AndroidManifest.xml:10:9-13:18
19            <action android:name="android.intent.action.VIEW" />
19-->src\main\AndroidManifest.xml:11:13-65
19-->src\main\AndroidManifest.xml:11:21-62
20
21            <data android:scheme="https" />
21-->src\main\AndroidManifest.xml:12:13-44
21-->src\main\AndroidManifest.xml:12:19-41
22        </intent>
23        <intent>
23-->src\main\AndroidManifest.xml:14:9-17:18
24            <action android:name="android.intent.action.VIEW" />
24-->src\main\AndroidManifest.xml:11:13-65
24-->src\main\AndroidManifest.xml:11:21-62
25
26            <data android:scheme="geo" />
26-->src\main\AndroidManifest.xml:12:13-44
26-->src\main\AndroidManifest.xml:12:19-41
27        </intent>
28        <intent>
28-->src\main\AndroidManifest.xml:18:9-21:18
29            <action android:name="android.intent.action.GET_CONTENT" />
29-->src\main\AndroidManifest.xml:19:13-72
29-->src\main\AndroidManifest.xml:19:21-69
30
31            <data android:mimeType="*/*" />
31-->src\main\AndroidManifest.xml:12:13-44
31-->src\main\AndroidManifest.xml:20:19-41
32        </intent>
33    </queries>
34
35    <!-- Include required permissions for Google Maps API to run. -->
36    <uses-permission android:name="android.permission.ACCESS_NETWORK_STATE" />
36-->[com.google.android.gms:play-services-maps:18.2.0] AndroidManifest.xml:23:5-79
36-->[com.google.android.gms:play-services-maps:18.2.0] AndroidManifest.xml:23:22-76
37
38    <uses-feature
38-->[com.google.android.gms:play-services-maps:18.2.0] AndroidManifest.xml:26:5-28:35
39        android:glEsVersion="0x00020000"
39-->[com.google.android.gms:play-services-maps:18.2.0] AndroidManifest.xml:27:9-41
40        android:required="true" />
40-->[com.google.android.gms:play-services-maps:18.2.0] AndroidManifest.xml:28:9-32
41
42    <permission
42-->[androidx.core:core:1.13.1] AndroidManifest.xml:22:5-24:47
43        android:name="com.homehelp.pro.DYNAMIC_RECEIVER_NOT_EXPORTED_PERMISSION"
43-->[androidx.core:core:1.13.1] AndroidManifest.xml:23:9-81
44        android:protectionLevel="signature" />
44-->[androidx.core:core:1.13.1] AndroidManifest.xml:24:9-44
45
46    <uses-permission android:name="com.homehelp.pro.DYNAMIC_RECEIVER_NOT_EXPORTED_PERMISSION" />
46-->[androidx.core:core:1.13.1] AndroidManifest.xml:26:5-97
46-->[androidx.core:core:1.13.1] AndroidManifest.xml:26:22-94
47
48    <supports-screens
48-->[org.osmdroid:osmdroid-android:6.1.18] AndroidManifest.xml:9:5-12:40
49        android:anyDensity="true"
49-->[org.osmdroid:osmdroid-android:6.1.18] AndroidManifest.xml:10:9-34
50        android:largeScreens="true"
50-->[org.osmdroid:osmdroid-android:6.1.18] AndroidManifest.xml:11:9-36
51        android:normalScreens="true" />
51-->[org.osmdroid:osmdroid-android:6.1.18] AndroidManifest.xml:12:9-37
52
53    <uses-feature
53-->[org.osmdroid:osmdroid-android:6.1.18] AndroidManifest.xml:14:5-16:36
54        android:name="android.hardware.location.network"
54-->[org.osmdroid:osmdroid-android:6.1.18] AndroidManifest.xml:15:9-57
55        android:required="false" />
55-->[org.osmdroid:osmdroid-android:6.1.18] AndroidManifest.xml:16:9-33
56    <uses-feature
56-->[org.osmdroid:osmdroid-android:6.1.18] AndroidManifest.xml:17:5-19:36
57        android:name="android.hardware.location.gps"
57-->[org.osmdroid:osmdroid-android:6.1.18] AndroidManifest.xml:18:9-53
58        android:required="false" />
58-->[org.osmdroid:osmdroid-android:6.1.18] AndroidManifest.xml:19:9-33
59    <uses-feature
59-->[org.osmdroid:osmdroid-android:6.1.18] AndroidManifest.xml:20:5-22:36
60        android:name="android.hardware.telephony"
60-->[org.osmdroid:osmdroid-android:6.1.18] AndroidManifest.xml:21:9-50
61        android:required="false" />
61-->[org.osmdroid:osmdroid-android:6.1.18] AndroidManifest.xml:22:9-33
62    <uses-feature
62-->[org.osmdroid:osmdroid-android:6.1.18] AndroidManifest.xml:23:5-25:36
63        android:name="android.hardware.wifi"
63-->[org.osmdroid:osmdroid-android:6.1.18] AndroidManifest.xml:24:9-45
64        android:required="false" />
64-->[org.osmdroid:osmdroid-android:6.1.18] AndroidManifest.xml:25:9-33
65
66    <application
66-->src\main\AndroidManifest.xml:24:5-47:19
67        android:allowBackup="true"
67-->src\main\AndroidManifest.xml:25:9-35
68        android:appComponentFactory="androidx.core.app.CoreComponentFactory"
68-->[androidx.core:core:1.13.1] AndroidManifest.xml:28:18-86
69        android:debuggable="true"
70        android:extractNativeLibs="false"
71        android:icon="@drawable/ic_launcher"
71-->src\main\AndroidManifest.xml:26:9-45
72        android:label="@string/app_name"
72-->src\main\AndroidManifest.xml:28:9-41
73        android:roundIcon="@drawable/ic_launcher"
73-->src\main\AndroidManifest.xml:27:9-50
74        android:supportsRtl="true"
74-->src\main\AndroidManifest.xml:29:9-35
75        android:theme="@style/Theme.HomeHelpPro"
75-->src\main\AndroidManifest.xml:31:9-49
76        android:usesCleartextTraffic="true" >
76-->src\main\AndroidManifest.xml:30:9-44
77
78        <!-- Google Maps SDK API key. Replace the value with your real key (AIza...). -->
79        <meta-data
79-->src\main\AndroidManifest.xml:34:9-36:49
80            android:name="com.google.android.geo.API_KEY"
80-->src\main\AndroidManifest.xml:35:13-58
81            android:value="YOUR_API_KEY_HERE" />
81-->src\main\AndroidManifest.xml:36:13-46
82
83        <activity
83-->src\main\AndroidManifest.xml:38:9-46:20
84            android:name="com.homehelp.pro.MainActivity"
84-->src\main\AndroidManifest.xml:39:13-41
85            android:exported="true"
85-->src\main\AndroidManifest.xml:40:13-36
86            android:theme="@style/Theme.HomeHelpPro" >
86-->src\main\AndroidManifest.xml:41:13-53
87            <intent-filter>
87-->src\main\AndroidManifest.xml:42:13-45:29
88                <action android:name="android.intent.action.MAIN" />
88-->src\main\AndroidManifest.xml:43:17-69
88-->src\main\AndroidManifest.xml:43:25-66
89
90                <category android:name="android.intent.category.LAUNCHER" />
90-->src\main\AndroidManifest.xml:44:17-77
90-->src\main\AndroidManifest.xml:44:27-74
91            </intent-filter>
92        </activity>
93        <!-- Needs to be explicitly declared on P+ -->
94        <uses-library
94-->[com.google.android.gms:play-services-maps:18.2.0] AndroidManifest.xml:39:9-41:40
95            android:name="org.apache.http.legacy"
95-->[com.google.android.gms:play-services-maps:18.2.0] AndroidManifest.xml:40:13-50
96            android:required="false" />
96-->[com.google.android.gms:play-services-maps:18.2.0] AndroidManifest.xml:41:13-37
97
98        <activity
98-->[com.google.android.gms:play-services-base:18.0.1] AndroidManifest.xml:20:9-22:45
99            android:name="com.google.android.gms.common.api.GoogleApiActivity"
99-->[com.google.android.gms:play-services-base:18.0.1] AndroidManifest.xml:20:19-85
100            android:exported="false"
100-->[com.google.android.gms:play-services-base:18.0.1] AndroidManifest.xml:22:19-43
101            android:theme="@android:style/Theme.Translucent.NoTitleBar" />
101-->[com.google.android.gms:play-services-base:18.0.1] AndroidManifest.xml:21:19-78
102
103        <meta-data
103-->[com.google.android.gms:play-services-basement:18.0.0] AndroidManifest.xml:21:9-23:69
104            android:name="com.google.android.gms.version"
104-->[com.google.android.gms:play-services-basement:18.0.0] AndroidManifest.xml:22:13-58
105            android:value="@integer/google_play_services_version" />
105-->[com.google.android.gms:play-services-basement:18.0.0] AndroidManifest.xml:23:13-66
106
107        <provider
107-->[androidx.emoji2:emoji2:1.3.0] AndroidManifest.xml:24:9-32:20
108            android:name="androidx.startup.InitializationProvider"
108-->[androidx.emoji2:emoji2:1.3.0] AndroidManifest.xml:25:13-67
109            android:authorities="com.homehelp.pro.androidx-startup"
109-->[androidx.emoji2:emoji2:1.3.0] AndroidManifest.xml:26:13-68
110            android:exported="false" >
110-->[androidx.emoji2:emoji2:1.3.0] AndroidManifest.xml:27:13-37
111            <meta-data
111-->[androidx.emoji2:emoji2:1.3.0] AndroidManifest.xml:29:13-31:52
112                android:name="androidx.emoji2.text.EmojiCompatInitializer"
112-->[androidx.emoji2:emoji2:1.3.0] AndroidManifest.xml:30:17-75
113                android:value="androidx.startup" />
113-->[androidx.emoji2:emoji2:1.3.0] AndroidManifest.xml:31:17-49
114            <meta-data
114-->[androidx.lifecycle:lifecycle-process:2.8.2] AndroidManifest.xml:29:13-31:52
115                android:name="androidx.lifecycle.ProcessLifecycleInitializer"
115-->[androidx.lifecycle:lifecycle-process:2.8.2] AndroidManifest.xml:30:17-78
116                android:value="androidx.startup" />
116-->[androidx.lifecycle:lifecycle-process:2.8.2] AndroidManifest.xml:31:17-49
117            <meta-data
117-->[androidx.profileinstaller:profileinstaller:1.3.1] AndroidManifest.xml:29:13-31:52
118                android:name="androidx.profileinstaller.ProfileInstallerInitializer"
118-->[androidx.profileinstaller:profileinstaller:1.3.1] AndroidManifest.xml:30:17-85
119                android:value="androidx.startup" />
119-->[androidx.profileinstaller:profileinstaller:1.3.1] AndroidManifest.xml:31:17-49
120        </provider>
121
122        <receiver
122-->[androidx.profileinstaller:profileinstaller:1.3.1] AndroidManifest.xml:34:9-52:20
123            android:name="androidx.profileinstaller.ProfileInstallReceiver"
123-->[androidx.profileinstaller:profileinstaller:1.3.1] AndroidManifest.xml:35:13-76
124            android:directBootAware="false"
124-->[androidx.profileinstaller:profileinstaller:1.3.1] AndroidManifest.xml:36:13-44
125            android:enabled="true"
125-->[androidx.profileinstaller:profileinstaller:1.3.1] AndroidManifest.xml:37:13-35
126            android:exported="true"
126-->[androidx.profileinstaller:profileinstaller:1.3.1] AndroidManifest.xml:38:13-36
127            android:permission="android.permission.DUMP" >
127-->[androidx.profileinstaller:profileinstaller:1.3.1] AndroidManifest.xml:39:13-57
128            <intent-filter>
128-->[androidx.profileinstaller:profileinstaller:1.3.1] AndroidManifest.xml:40:13-42:29
129                <action android:name="androidx.profileinstaller.action.INSTALL_PROFILE" />
129-->[androidx.profileinstaller:profileinstaller:1.3.1] AndroidManifest.xml:41:17-91
129-->[androidx.profileinstaller:profileinstaller:1.3.1] AndroidManifest.xml:41:25-88
130            </intent-filter>
131            <intent-filter>
131-->[androidx.profileinstaller:profileinstaller:1.3.1] AndroidManifest.xml:43:13-45:29
132                <action android:name="androidx.profileinstaller.action.SKIP_FILE" />
132-->[androidx.profileinstaller:profileinstaller:1.3.1] AndroidManifest.xml:44:17-85
132-->[androidx.profileinstaller:profileinstaller:1.3.1] AndroidManifest.xml:44:25-82
133            </intent-filter>
134            <intent-filter>
134-->[androidx.profileinstaller:profileinstaller:1.3.1] AndroidManifest.xml:46:13-48:29
135                <action android:name="androidx.profileinstaller.action.SAVE_PROFILE" />
135-->[androidx.profileinstaller:profileinstaller:1.3.1] AndroidManifest.xml:47:17-88
135-->[androidx.profileinstaller:profileinstaller:1.3.1] AndroidManifest.xml:47:25-85
136            </intent-filter>
137            <intent-filter>
137-->[androidx.profileinstaller:profileinstaller:1.3.1] AndroidManifest.xml:49:13-51:29
138                <action android:name="androidx.profileinstaller.action.BENCHMARK_OPERATION" />
138-->[androidx.profileinstaller:profileinstaller:1.3.1] AndroidManifest.xml:50:17-95
138-->[androidx.profileinstaller:profileinstaller:1.3.1] AndroidManifest.xml:50:25-92
139            </intent-filter>
140        </receiver>
141    </application>
142
143</manifest>